Connecting to database specified by database.yml
  [1m[36m (37.7ms)[0m  [1mSELECT "schema_migrations"."version" FROM "schema_migrations" [0m
Migrating to CreateUsers (20130317220750)
Migrating to CreateKarmaPoints (20130317221018)
  [1m[35m (0.1ms)[0m  SELECT "schema_migrations"."version" FROM "schema_migrations" 
Connecting to database specified by database.yml
Connecting to database specified by database.yml


Started GET "/" for 127.0.0.1 at 2013-09-23 17:40:33 -0500
Processing by UsersController#index as HTML
  [1m[36mUser Load (41.9ms)[0m  [1mSELECT "users".* FROM "users" ORDER BY karma DESC LIMIT 50[0m
  Rendered users/_user_row.html.erb (41.5ms)
  Rendered users/_user_row.html.erb (0.1ms)
  Rendered users/_user_row.html.erb (0.1ms)
  Rendered users/_user_row.html.erb (0.1ms)
  Rendered users/_user_row.html.erb (0.1ms)
  Rendered users/_user_row.html.erb (0.1ms)
  Rendered users/_user_row.html.erb (0.3ms)
  Rendered users/_user_row.html.erb (0.2ms)
  Rendered users/_user_row.html.erb (0.2ms)
  Rendered users/_user_row.html.erb (0.2ms)
  Rendered users/_user_row.html.erb (0.2ms)
  Rendered users/_user_row.html.erb (0.1ms)
  Rendered users/_user_row.html.erb (0.1ms)
  Rendered users/_user_row.html.erb (0.1ms)
  Rendered users/_user_row.html.erb (0.1ms)
  Rendered users/_user_row.html.erb (0.1ms)
  Rendered users/_user_row.html.erb (0.1ms)
  Rendered users/_user_row.html.erb (0.1ms)
  Rendered users/_user_row.html.erb (0.1ms)
  Rendered users/_user_row.html.erb (0.1ms)
  Rendered users/_user_row.html.erb (0.2ms)
  Rendered users/_user_row.html.erb (0.2ms)
  Rendered users/_user_row.html.erb (0.2ms)
  Rendered users/_user_row.html.erb (0.2ms)
  Rendered users/_user_row.html.erb (0.2ms)
  Rendered users/_user_row.html.erb (0.2ms)
  Rendered users/_user_row.html.erb (0.2ms)
  Rendered users/_user_row.html.erb (0.2ms)
  Rendered users/_user_row.html.erb (0.2ms)
  Rendered users/_user_row.html.erb (0.2ms)
  Rendered users/_user_row.html.erb (0.2ms)
  Rendered users/_user_row.html.erb (0.2ms)
  Rendered users/_user_row.html.erb (0.2ms)
  Rendered users/_user_row.html.erb (0.2ms)
  Rendered users/_user_row.html.erb (0.2ms)
  Rendered users/_user_row.html.erb (0.2ms)
  Rendered users/_user_row.html.erb (0.2ms)
  Rendered users/_user_row.html.erb (0.2ms)
  Rendered users/_user_row.html.erb (0.2ms)
  Rendered users/_user_row.html.erb (0.2ms)
  Rendered users/_user_row.html.erb (0.2ms)
  Rendered users/_user_row.html.erb (0.2ms)
  Rendered users/_user_row.html.erb (0.2ms)
  Rendered users/_user_row.html.erb (0.2ms)
  Rendered users/_user_row.html.erb (0.2ms)
  Rendered users/_user_row.html.erb (0.2ms)
  Rendered users/_user_row.html.erb (0.2ms)
  Rendered users/_user_row.html.erb (0.1ms)
  Rendered users/_user_row.html.erb (0.2ms)
  Rendered users/_user_row.html.erb (0.2ms)
  Rendered users/index.html.erb within layouts/application (171.3ms)
Compiled bootstrap.css  (3311ms)  (pid 19885)
Compiled users.css  (1ms)  (pid 19885)
Compiled application.css  (3417ms)  (pid 19885)
Compiled jquery.js  (2ms)  (pid 19885)
Compiled jquery_ujs.js  (0ms)  (pid 19885)
Compiled bootstrap-transition.js  (0ms)  (pid 19885)
Compiled bootstrap-affix.js  (0ms)  (pid 19885)
Compiled bootstrap-alert.js  (8ms)  (pid 19885)
Compiled bootstrap-button.js  (0ms)  (pid 19885)
Compiled bootstrap-carousel.js  (0ms)  (pid 19885)
Compiled bootstrap-collapse.js  (0ms)  (pid 19885)
Compiled bootstrap-dropdown.js  (0ms)  (pid 19885)
Compiled bootstrap-modal.js  (0ms)  (pid 19885)
Compiled bootstrap-scrollspy.js  (1ms)  (pid 19885)
Compiled bootstrap-tab.js  (0ms)  (pid 19885)
Compiled bootstrap-tooltip.js  (0ms)  (pid 19885)
Compiled bootstrap-popover.js  (0ms)  (pid 19885)
Compiled bootstrap-typeahead.js  (0ms)  (pid 19885)
Compiled bootstrap.js  (347ms)  (pid 19885)
Compiled application.js  (477ms)  (pid 19885)
Completed 200 OK in 4289ms (Views: 4196.2ms | ActiveRecord: 50.9ms)


Started GET "/" for 127.0.0.1 at 2013-09-23 17:40:37 -0500
Processing by UsersController#index as HTML
  [1m[35mUser Load (56.6ms)[0m  SELECT "users".* FROM "users" ORDER BY karma DESC LIMIT 50
  Rendered users/_user_row.html.erb (0.3ms)
  Rendered users/_user_row.html.erb (0.2ms)
  Rendered users/_user_row.html.erb (0.2ms)
  Rendered users/_user_row.html.erb (0.2ms)
  Rendered users/_user_row.html.erb (0.1ms)
  Rendered users/_user_row.html.erb (0.1ms)
  Rendered users/_user_row.html.erb (0.1ms)
  Rendered users/_user_row.html.erb (0.1ms)
  Rendered users/_user_row.html.erb (0.1ms)
  Rendered users/_user_row.html.erb (0.1ms)
  Rendered users/_user_row.html.erb (0.1ms)
  Rendered users/_user_row.html.erb (0.1ms)
  Rendered users/_user_row.html.erb (0.1ms)
  Rendered users/_user_row.html.erb (0.1ms)
  Rendered users/_user_row.html.erb (0.1ms)
  Rendered users/_user_row.html.erb (0.1ms)
  Rendered users/_user_row.html.erb (0.1ms)
  Rendered users/_user_row.html.erb (0.1ms)
  Rendered users/_user_row.html.erb (0.1ms)
  Rendered users/_user_row.html.erb (0.1ms)
  Rendered users/_user_row.html.erb (0.2ms)
  Rendered users/_user_row.html.erb (0.2ms)
  Rendered users/_user_row.html.erb (0.2ms)
  Rendered users/_user_row.html.erb (0.2ms)
  Rendered users/_user_row.html.erb (0.2ms)
  Rendered users/_user_row.html.erb (0.2ms)
  Rendered users/_user_row.html.erb (0.2ms)
  Rendered users/_user_row.html.erb (0.2ms)
  Rendered users/_user_row.html.erb (0.2ms)
  Rendered users/_user_row.html.erb (0.2ms)
  Rendered users/_user_row.html.erb (0.2ms)
  Rendered users/_user_row.html.erb (0.2ms)
  Rendered users/_user_row.html.erb (0.2ms)
  Rendered users/_user_row.html.erb (0.2ms)
  Rendered users/_user_row.html.erb (0.3ms)
  Rendered users/_user_row.html.erb (0.2ms)
  Rendered users/_user_row.html.erb (0.2ms)
  Rendered users/_user_row.html.erb (0.2ms)
  Rendered users/_user_row.html.erb (0.2ms)
  Rendered users/_user_row.html.erb (0.2ms)
  Rendered users/_user_row.html.erb (0.2ms)
  Rendered users/_user_row.html.erb (0.2ms)
  Rendered users/_user_row.html.erb (0.2ms)
  Rendered users/_user_row.html.erb (0.3ms)
  Rendered users/_user_row.html.erb (0.2ms)
  Rendered users/_user_row.html.erb (0.2ms)
  Rendered users/_user_row.html.erb (0.2ms)
  Rendered users/_user_row.html.erb (0.2ms)
  Rendered users/_user_row.html.erb (0.2ms)
  Rendered users/_user_row.html.erb (0.2ms)
  Rendered users/index.html.erb within layouts/application (91.9ms)
Completed 200 OK in 104ms (Views: 47.0ms | ActiveRecord: 56.6ms)


Started GET "/" for 127.0.0.1 at 2013-09-23 17:40:43 -0500
Processing by UsersController#index as HTML
  [1m[36mUser Load (32.1ms)[0m  [1mSELECT "users".* FROM "users" ORDER BY karma DESC LIMIT 50[0m
  Rendered users/_user_row.html.erb (0.2ms)
  Rendered users/_user_row.html.erb (0.1ms)
  Rendered users/_user_row.html.erb (0.2ms)
  Rendered users/_user_row.html.erb (0.1ms)
  Rendered users/_user_row.html.erb (0.1ms)
  Rendered users/_user_row.html.erb (0.1ms)
  Rendered users/_user_row.html.erb (0.1ms)
  Rendered users/_user_row.html.erb (0.1ms)
  Rendered users/_user_row.html.erb (0.1ms)
  Rendered users/_user_row.html.erb (0.1ms)
  Rendered users/_user_row.html.erb (0.1ms)
  Rendered users/_user_row.html.erb (0.1ms)
  Rendered users/_user_row.html.erb (0.1ms)
  Rendered users/_user_row.html.erb (0.1ms)
  Rendered users/_user_row.html.erb (0.1ms)
  Rendered users/_user_row.html.erb (0.1ms)
  Rendered users/_user_row.html.erb (0.1ms)
  Rendered users/_user_row.html.erb (0.1ms)
  Rendered users/_user_row.html.erb (0.1ms)
  Rendered users/_user_row.html.erb (0.1ms)
  Rendered users/_user_row.html.erb (0.1ms)
  Rendered users/_user_row.html.erb (0.2ms)
  Rendered users/_user_row.html.erb (0.1ms)
  Rendered users/_user_row.html.erb (0.1ms)
  Rendered users/_user_row.html.erb (0.2ms)
  Rendered users/_user_row.html.erb (0.1ms)
  Rendered users/_user_row.html.erb (0.1ms)
  Rendered users/_user_row.html.erb (0.1ms)
  Rendered users/_user_row.html.erb (0.1ms)
  Rendered users/_user_row.html.erb (0.1ms)
  Rendered users/_user_row.html.erb (0.1ms)
  Rendered users/_user_row.html.erb (0.1ms)
  Rendered users/_user_row.html.erb (0.1ms)
  Rendered users/_user_row.html.erb (0.1ms)
  Rendered users/_user_row.html.erb (0.1ms)
  Rendered users/_user_row.html.erb (0.1ms)
  Rendered users/_user_row.html.erb (0.1ms)
  Rendered users/_user_row.html.erb (0.1ms)
  Rendered users/_user_row.html.erb (0.2ms)
  Rendered users/_user_row.html.erb (0.2ms)
  Rendered users/_user_row.html.erb (0.2ms)
  Rendered users/_user_row.html.erb (0.1ms)
  Rendered users/_user_row.html.erb (0.1ms)
  Rendered users/_user_row.html.erb (0.2ms)
  Rendered users/_user_row.html.erb (0.2ms)
  Rendered users/_user_row.html.erb (0.2ms)
  Rendered users/_user_row.html.erb (0.2ms)
  Rendered users/_user_row.html.erb (0.2ms)
  Rendered users/_user_row.html.erb (0.2ms)
  Rendered users/_user_row.html.erb (0.2ms)
  Rendered users/index.html.erb within layouts/application (60.2ms)
Completed 200 OK in 74ms (Views: 41.0ms | ActiveRecord: 32.1ms)


Started GET "/" for 127.0.0.1 at 2013-09-23 17:40:48 -0500
Processing by UsersController#index as HTML
  [1m[35mUser Load (33.7ms)[0m  SELECT "users".* FROM "users" ORDER BY karma DESC LIMIT 50
  Rendered users/_user_row.html.erb (0.3ms)
  Rendered users/_user_row.html.erb (0.2ms)
  Rendered users/_user_row.html.erb (0.2ms)
  Rendered users/_user_row.html.erb (0.2ms)
  Rendered users/_user_row.html.erb (0.2ms)
  Rendered users/_user_row.html.erb (0.2ms)
  Rendered users/_user_row.html.erb (0.2ms)
  Rendered users/_user_row.html.erb (0.1ms)
  Rendered users/_user_row.html.erb (0.1ms)
  Rendered users/_user_row.html.erb (0.1ms)
  Rendered users/_user_row.html.erb (0.1ms)
  Rendered users/_user_row.html.erb (0.2ms)
  Rendered users/_user_row.html.erb (0.2ms)
  Rendered users/_user_row.html.erb (0.2ms)
  Rendered users/_user_row.html.erb (0.2ms)
  Rendered users/_user_row.html.erb (0.2ms)
  Rendered users/_user_row.html.erb (0.2ms)
  Rendered users/_user_row.html.erb (0.2ms)
  Rendered users/_user_row.html.erb (0.2ms)
  Rendered users/_user_row.html.erb (0.2ms)
  Rendered users/_user_row.html.erb (0.2ms)
  Rendered users/_user_row.html.erb (0.2ms)
  Rendered users/_user_row.html.erb (0.2ms)
  Rendered users/_user_row.html.erb (0.2ms)
  Rendered users/_user_row.html.erb (0.2ms)
  Rendered users/_user_row.html.erb (0.2ms)
  Rendered users/_user_row.html.erb (0.2ms)
  Rendered users/_user_row.html.erb (0.2ms)
  Rendered users/_user_row.html.erb (0.2ms)
  Rendered users/_user_row.html.erb (0.2ms)
  Rendered users/_user_row.html.erb (0.2ms)
  Rendered users/_user_row.html.erb (0.2ms)
  Rendered users/_user_row.html.erb (0.2ms)
  Rendered users/_user_row.html.erb (0.2ms)
  Rendered users/_user_row.html.erb (0.2ms)
  Rendered users/_user_row.html.erb (0.2ms)
  Rendered users/_user_row.html.erb (0.2ms)
  Rendered users/_user_row.html.erb (0.1ms)
  Rendered users/_user_row.html.erb (0.1ms)
  Rendered users/_user_row.html.erb (0.2ms)
  Rendered users/_user_row.html.erb (0.2ms)
  Rendered users/_user_row.html.erb (0.2ms)
  Rendered users/_user_row.html.erb (0.2ms)
  Rendered users/_user_row.html.erb (0.2ms)
  Rendered users/_user_row.html.erb (0.2ms)
  Rendered users/_user_row.html.erb (0.2ms)
  Rendered users/_user_row.html.erb (0.2ms)
  Rendered users/_user_row.html.erb (0.2ms)
  Rendered users/_user_row.html.erb (0.2ms)
  Rendered users/_user_row.html.erb (0.2ms)
  Rendered users/index.html.erb within layouts/application (72.5ms)
Completed 200 OK in 133ms (Views: 98.8ms | ActiveRecord: 33.7ms)


Started GET "/" for 127.0.0.1 at 2013-09-23 17:40:49 -0500
Processing by UsersController#index as HTML
  [1m[36mUser Load (27.6ms)[0m  [1mSELECT "users".* FROM "users" ORDER BY karma DESC LIMIT 50[0m
  Rendered users/_user_row.html.erb (0.2ms)
  Rendered users/_user_row.html.erb (0.1ms)
  Rendered users/_user_row.html.erb (0.1ms)
  Rendered users/_user_row.html.erb (0.1ms)
  Rendered users/_user_row.html.erb (0.2ms)
  Rendered users/_user_row.html.erb (0.1ms)
  Rendered users/_user_row.html.erb (0.1ms)
  Rendered users/_user_row.html.erb (0.1ms)
  Rendered users/_user_row.html.erb (0.1ms)
  Rendered users/_user_row.html.erb (0.1ms)
  Rendered users/_user_row.html.erb (0.1ms)
  Rendered users/_user_row.html.erb (0.2ms)
  Rendered users/_user_row.html.erb (0.2ms)
  Rendered users/_user_row.html.erb (0.2ms)
  Rendered users/_user_row.html.erb (0.2ms)
  Rendered users/_user_row.html.erb (0.2ms)
  Rendered users/_user_row.html.erb (0.2ms)
  Rendered users/_user_row.html.erb (0.2ms)
  Rendered users/_user_row.html.erb (0.2ms)
  Rendered users/_user_row.html.erb (0.2ms)
  Rendered users/_user_row.html.erb (0.2ms)
  Rendered users/_user_row.html.erb (0.2ms)
  Rendered users/_user_row.html.erb (0.2ms)
  Rendered users/_user_row.html.erb (0.2ms)
  Rendered users/_user_row.html.erb (0.2ms)
  Rendered users/_user_row.html.erb (0.2ms)
  Rendered users/_user_row.html.erb (0.2ms)
  Rendered users/_user_row.html.erb (0.2ms)
  Rendered users/_user_row.html.erb (0.2ms)
  Rendered users/_user_row.html.erb (0.2ms)
  Rendered users/_user_row.html.erb (0.2ms)
  Rendered users/_user_row.html.erb (0.2ms)
  Rendered users/_user_row.html.erb (0.2ms)
  Rendered users/_user_row.html.erb (0.2ms)
  Rendered users/_user_row.html.erb (0.2ms)
  Rendered users/_user_row.html.erb (0.2ms)
  Rendered users/_user_row.html.erb (0.1ms)
  Rendered users/_user_row.html.erb (0.1ms)
  Rendered users/_user_row.html.erb (0.1ms)
  Rendered users/_user_row.html.erb (0.1ms)
  Rendered users/_user_row.html.erb (0.1ms)
  Rendered users/_user_row.html.erb (0.1ms)
  Rendered users/_user_row.html.erb (0.1ms)
  Rendered users/_user_row.html.erb (0.1ms)
  Rendered users/_user_row.html.erb (0.1ms)
  Rendered users/_user_row.html.erb (0.1ms)
  Rendered users/_user_row.html.erb (0.1ms)
  Rendered users/_user_row.html.erb (0.1ms)
  Rendered users/_user_row.html.erb (0.1ms)
  Rendered users/_user_row.html.erb (0.1ms)
  Rendered users/index.html.erb within layouts/application (59.6ms)
Completed 200 OK in 69ms (Views: 40.8ms | ActiveRecord: 27.6ms)


Started GET "/" for 127.0.0.1 at 2013-09-23 17:40:49 -0500
Processing by UsersController#index as HTML
  [1m[35mUser Load (31.7ms)[0m  SELECT "users".* FROM "users" ORDER BY karma DESC LIMIT 50
  Rendered users/_user_row.html.erb (0.2ms)
  Rendered users/_user_row.html.erb (0.1ms)
  Rendered users/_user_row.html.erb (0.1ms)
  Rendered users/_user_row.html.erb (0.1ms)
  Rendered users/_user_row.html.erb (0.1ms)
  Rendered users/_user_row.html.erb (0.1ms)
  Rendered users/_user_row.html.erb (0.1ms)
  Rendered users/_user_row.html.erb (0.1ms)
  Rendered users/_user_row.html.erb (0.1ms)
  Rendered users/_user_row.html.erb (0.1ms)
  Rendered users/_user_row.html.erb (0.1ms)
  Rendered users/_user_row.html.erb (0.1ms)
  Rendered users/_user_row.html.erb (0.1ms)
  Rendered users/_user_row.html.erb (0.2ms)
  Rendered users/_user_row.html.erb (0.2ms)
  Rendered users/_user_row.html.erb (0.1ms)
  Rendered users/_user_row.html.erb (0.1ms)
  Rendered users/_user_row.html.erb (0.1ms)
  Rendered users/_user_row.html.erb (0.1ms)
  Rendered users/_user_row.html.erb (0.1ms)
  Rendered users/_user_row.html.erb (0.1ms)
  Rendered users/_user_row.html.erb (0.1ms)
  Rendered users/_user_row.html.erb (0.1ms)
  Rendered users/_user_row.html.erb (0.1ms)
  Rendered users/_user_row.html.erb (0.1ms)
  Rendered users/_user_row.html.erb (0.1ms)
  Rendered users/_user_row.html.erb (0.2ms)
  Rendered users/_user_row.html.erb (0.1ms)
  Rendered users/_user_row.html.erb (0.1ms)
  Rendered users/_user_row.html.erb (0.1ms)
  Rendered users/_user_row.html.erb (0.1ms)
  Rendered users/_user_row.html.erb (0.1ms)
  Rendered users/_user_row.html.erb (0.1ms)
  Rendered users/_user_row.html.erb (0.1ms)
  Rendered users/_user_row.html.erb (0.1ms)
  Rendered users/_user_row.html.erb (0.2ms)
  Rendered users/_user_row.html.erb (0.2ms)
  Rendered users/_user_row.html.erb (0.2ms)
  Rendered users/_user_row.html.erb (0.2ms)
  Rendered users/_user_row.html.erb (0.2ms)
  Rendered users/_user_row.html.erb (0.2ms)
  Rendered users/_user_row.html.erb (0.2ms)
  Rendered users/_user_row.html.erb (0.2ms)
  Rendered users/_user_row.html.erb (0.2ms)
  Rendered users/_user_row.html.erb (0.2ms)
  Rendered users/_user_row.html.erb (0.2ms)
  Rendered users/_user_row.html.erb (0.2ms)
  Rendered users/_user_row.html.erb (0.2ms)
  Rendered users/_user_row.html.erb (0.2ms)
  Rendered users/_user_row.html.erb (0.2ms)
  Rendered users/index.html.erb within layouts/application (60.8ms)
Completed 200 OK in 71ms (Views: 38.8ms | ActiveRecord: 31.7ms)


Started GET "/" for 127.0.0.1 at 2013-09-23 17:40:50 -0500
Processing by UsersController#index as HTML
  [1m[36mUser Load (42.1ms)[0m  [1mSELECT "users".* FROM "users" ORDER BY karma DESC LIMIT 50[0m
  Rendered users/_user_row.html.erb (0.2ms)
  Rendered users/_user_row.html.erb (0.1ms)
  Rendered users/_user_row.html.erb (0.1ms)
  Rendered users/_user_row.html.erb (0.1ms)
  Rendered users/_user_row.html.erb (0.3ms)
  Rendered users/_user_row.html.erb (0.2ms)
  Rendered users/_user_row.html.erb (0.2ms)
  Rendered users/_user_row.html.erb (0.2ms)
  Rendered users/_user_row.html.erb (0.2ms)
  Rendered users/_user_row.html.erb (0.2ms)
  Rendered users/_user_row.html.erb (0.2ms)
  Rendered users/_user_row.html.erb (0.2ms)
  Rendered users/_user_row.html.erb (0.2ms)
  Rendered users/_user_row.html.erb (0.2ms)
  Rendered users/_user_row.html.erb (0.3ms)
  Rendered users/_user_row.html.erb (0.2ms)
  Rendered users/_user_row.html.erb (0.2ms)
  Rendered users/_user_row.html.erb (0.1ms)
  Rendered users/_user_row.html.erb (0.2ms)
  Rendered users/_user_row.html.erb (0.2ms)
  Rendered users/_user_row.html.erb (0.2ms)
  Rendered users/_user_row.html.erb (0.2ms)
  Rendered users/_user_row.html.erb (0.2ms)
  Rendered users/_user_row.html.erb (0.2ms)
  Rendered users/_user_row.html.erb (0.2ms)
  Rendered users/_user_row.html.erb (0.2ms)
  Rendered users/_user_row.html.erb (0.2ms)
  Rendered users/_user_row.html.erb (0.2ms)
  Rendered users/_user_row.html.erb (0.2ms)
  Rendered users/_user_row.html.erb (0.2ms)
  Rendered users/_user_row.html.erb (0.2ms)
  Rendered users/_user_row.html.erb (0.2ms)
  Rendered users/_user_row.html.erb (0.2ms)
  Rendered users/_user_row.html.erb (0.2ms)
  Rendered users/_user_row.html.erb (0.2ms)
  Rendered users/_user_row.html.erb (0.2ms)
  Rendered users/_user_row.html.erb (0.2ms)
  Rendered users/_user_row.html.erb (0.2ms)
  Rendered users/_user_row.html.erb (0.2ms)
  Rendered users/_user_row.html.erb (0.2ms)
  Rendered users/_user_row.html.erb (0.2ms)
  Rendered users/_user_row.html.erb (0.2ms)
  Rendered users/_user_row.html.erb (0.2ms)
  Rendered users/_user_row.html.erb (0.2ms)
  Rendered users/_user_row.html.erb (0.2ms)
  Rendered users/_user_row.html.erb (0.1ms)
  Rendered users/_user_row.html.erb (0.1ms)
  Rendered users/_user_row.html.erb (0.1ms)
  Rendered users/_user_row.html.erb (0.1ms)
  Rendered users/_user_row.html.erb (0.1ms)
  Rendered users/index.html.erb within layouts/application (78.4ms)
Completed 200 OK in 92ms (Views: 49.0ms | ActiveRecord: 42.1ms)


Started GET "/" for 127.0.0.1 at 2013-09-23 17:40:51 -0500
Processing by UsersController#index as HTML
  [1m[35mUser Load (38.0ms)[0m  SELECT "users".* FROM "users" ORDER BY karma DESC LIMIT 50
  Rendered users/_user_row.html.erb (0.4ms)
  Rendered users/_user_row.html.erb (0.3ms)
  Rendered users/_user_row.html.erb (0.1ms)
  Rendered users/_user_row.html.erb (0.1ms)
  Rendered users/_user_row.html.erb (0.1ms)
  Rendered users/_user_row.html.erb (0.1ms)
  Rendered users/_user_row.html.erb (0.1ms)
  Rendered users/_user_row.html.erb (0.1ms)
  Rendered users/_user_row.html.erb (0.2ms)
  Rendered users/_user_row.html.erb (0.2ms)
  Rendered users/_user_row.html.erb (0.3ms)
  Rendered users/_user_row.html.erb (0.2ms)
  Rendered users/_user_row.html.erb (0.2ms)
  Rendered users/_user_row.html.erb (0.2ms)
  Rendered users/_user_row.html.erb (0.2ms)
  Rendered users/_user_row.html.erb (0.2ms)
  Rendered users/_user_row.html.erb (0.2ms)
  Rendered users/_user_row.html.erb (0.3ms)
  Rendered users/_user_row.html.erb (0.1ms)
  Rendered users/_user_row.html.erb (0.1ms)
  Rendered users/_user_row.html.erb (0.1ms)
  Rendered users/_user_row.html.erb (0.1ms)
  Rendered users/_user_row.html.erb (0.1ms)
  Rendered users/_user_row.html.erb (0.1ms)
  Rendered users/_user_row.html.erb (0.2ms)
  Rendered users/_user_row.html.erb (0.2ms)
  Rendered users/_user_row.html.erb (0.1ms)
  Rendered users/_user_row.html.erb (0.1ms)
  Rendered users/_user_row.html.erb (0.1ms)
  Rendered users/_user_row.html.erb (0.1ms)
  Rendered users/_user_row.html.erb (0.2ms)
  Rendered users/_user_row.html.erb (0.2ms)
  Rendered users/_user_row.html.erb (0.2ms)
  Rendered users/_user_row.html.erb (0.2ms)
  Rendered users/_user_row.html.erb (0.2ms)
  Rendered users/_user_row.html.erb (0.2ms)
  Rendered users/_user_row.html.erb (0.2ms)
  Rendered users/_user_row.html.erb (0.2ms)
  Rendered users/_user_row.html.erb (0.2ms)
  Rendered users/_user_row.html.erb (0.2ms)
  Rendered users/_user_row.html.erb (0.2ms)
  Rendered users/_user_row.html.erb (0.2ms)
  Rendered users/_user_row.html.erb (0.2ms)
  Rendered users/_user_row.html.erb (0.2ms)
  Rendered users/_user_row.html.erb (0.2ms)
  Rendered users/_user_row.html.erb (0.2ms)
  Rendered users/_user_row.html.erb (0.2ms)
  Rendered users/_user_row.html.erb (0.2ms)
  Rendered users/_user_row.html.erb (0.2ms)
  Rendered users/_user_row.html.erb (0.2ms)
  Rendered users/index.html.erb within layouts/application (123.2ms)
Completed 200 OK in 137ms (Views: 98.1ms | ActiveRecord: 38.0ms)


Started GET "/" for 127.0.0.1 at 2013-09-23 17:40:51 -0500
Processing by UsersController#index as HTML
  [1m[36mUser Load (31.8ms)[0m  [1mSELECT "users".* FROM "users" ORDER BY karma DESC LIMIT 50[0m
  Rendered users/_user_row.html.erb (0.3ms)
  Rendered users/_user_row.html.erb (0.2ms)
  Rendered users/_user_row.html.erb (0.2ms)
  Rendered users/_user_row.html.erb (0.2ms)
  Rendered users/_user_row.html.erb (0.2ms)
  Rendered users/_user_row.html.erb (0.2ms)
  Rendered users/_user_row.html.erb (0.2ms)
  Rendered users/_user_row.html.erb (0.2ms)
  Rendered users/_user_row.html.erb (0.2ms)
  Rendered users/_user_row.html.erb (0.2ms)
  Rendered users/_user_row.html.erb (0.2ms)
  Rendered users/_user_row.html.erb (0.2ms)
  Rendered users/_user_row.html.erb (0.1ms)
  Rendered users/_user_row.html.erb (0.1ms)
  Rendered users/_user_row.html.erb (0.1ms)
  Rendered users/_user_row.html.erb (0.1ms)
  Rendered users/_user_row.html.erb (0.2ms)
  Rendered users/_user_row.html.erb (0.1ms)
  Rendered users/_user_row.html.erb (0.2ms)
  Rendered users/_user_row.html.erb (0.2ms)
  Rendered users/_user_row.html.erb (0.1ms)
  Rendered users/_user_row.html.erb (0.1ms)
  Rendered users/_user_row.html.erb (0.1ms)
  Rendered users/_user_row.html.erb (0.2ms)
  Rendered users/_user_row.html.erb (0.2ms)
  Rendered users/_user_row.html.erb (0.2ms)
  Rendered users/_user_row.html.erb (0.2ms)
  Rendered users/_user_row.html.erb (0.2ms)
  Rendered users/_user_row.html.erb (0.1ms)
  Rendered users/_user_row.html.erb (0.1ms)
  Rendered users/_user_row.html.erb (0.1ms)
  Rendered users/_user_row.html.erb (0.1ms)
  Rendered users/_user_row.html.erb (0.1ms)
  Rendered users/_user_row.html.erb (0.1ms)
  Rendered users/_user_row.html.erb (0.1ms)
  Rendered users/_user_row.html.erb (0.1ms)
  Rendered users/_user_row.html.erb (0.1ms)
  Rendered users/_user_row.html.erb (0.1ms)
  Rendered users/_user_row.html.erb (0.1ms)
  Rendered users/_user_row.html.erb (0.1ms)
  Rendered users/_user_row.html.erb (0.1ms)
  Rendered users/_user_row.html.erb (0.1ms)
  Rendered users/_user_row.html.erb (0.2ms)
  Rendered users/_user_row.html.erb (0.1ms)
  Rendered users/_user_row.html.erb (0.1ms)
  Rendered users/_user_row.html.erb (0.1ms)
  Rendered users/_user_row.html.erb (0.1ms)
  Rendered users/_user_row.html.erb (0.1ms)
  Rendered users/_user_row.html.erb (0.1ms)
  Rendered users/_user_row.html.erb (0.2ms)
  Rendered users/index.html.erb within layouts/application (64.5ms)
Completed 200 OK in 74ms (Views: 41.8ms | ActiveRecord: 31.8ms)


Started GET "/" for 127.0.0.1 at 2013-09-23 17:40:52 -0500
Processing by UsersController#index as HTML
  [1m[35mUser Load (36.6ms)[0m  SELECT "users".* FROM "users" ORDER BY karma DESC LIMIT 50
  Rendered users/_user_row.html.erb (0.2ms)
  Rendered users/_user_row.html.erb (0.1ms)
  Rendered users/_user_row.html.erb (0.1ms)
  Rendered users/_user_row.html.erb (0.1ms)
  Rendered users/_user_row.html.erb (0.1ms)
  Rendered users/_user_row.html.erb (0.1ms)
  Rendered users/_user_row.html.erb (0.2ms)
  Rendered users/_user_row.html.erb (0.2ms)
  Rendered users/_user_row.html.erb (0.2ms)
  Rendered users/_user_row.html.erb (0.2ms)
  Rendered users/_user_row.html.erb (0.2ms)
  Rendered users/_user_row.html.erb (0.2ms)
  Rendered users/_user_row.html.erb (0.2ms)
  Rendered users/_user_row.html.erb (0.2ms)
  Rendered users/_user_row.html.erb (0.2ms)
  Rendered users/_user_row.html.erb (0.2ms)
  Rendered users/_user_row.html.erb (0.2ms)
  Rendered users/_user_row.html.erb (0.2ms)
  Rendered users/_user_row.html.erb (0.2ms)
  Rendered users/_user_row.html.erb (0.2ms)
  Rendered users/_user_row.html.erb (0.2ms)
  Rendered users/_user_row.html.erb (0.2ms)
  Rendered users/_user_row.html.erb (0.2ms)
  Rendered users/_user_row.html.erb (0.2ms)
  Rendered users/_user_row.html.erb (0.2ms)
  Rendered users/_user_row.html.erb (0.2ms)
  Rendered users/_user_row.html.erb (0.2ms)
  Rendered users/_user_row.html.erb (0.2ms)
  Rendered users/_user_row.html.erb (0.2ms)
  Rendered users/_user_row.html.erb (0.1ms)
  Rendered users/_user_row.html.erb (0.1ms)
  Rendered users/_user_row.html.erb (0.1ms)
  Rendered users/_user_row.html.erb (0.1ms)
  Rendered users/_user_row.html.erb (0.1ms)
  Rendered users/_user_row.html.erb (0.1ms)
  Rendered users/_user_row.html.erb (0.1ms)
  Rendered users/_user_row.html.erb (0.1ms)
  Rendered users/_user_row.html.erb (0.1ms)
  Rendered users/_user_row.html.erb (0.1ms)
  Rendered users/_user_row.html.erb (0.1ms)
  Rendered users/_user_row.html.erb (0.1ms)
  Rendered users/_user_row.html.erb (0.1ms)
  Rendered users/_user_row.html.erb (0.1ms)
  Rendered users/_user_row.html.erb (0.1ms)
  Rendered users/_user_row.html.erb (0.1ms)
  Rendered users/_user_row.html.erb (0.2ms)
  Rendered users/_user_row.html.erb (0.1ms)
  Rendered users/_user_row.html.erb (0.1ms)
  Rendered users/_user_row.html.erb (0.1ms)
  Rendered users/_user_row.html.erb (0.1ms)
  Rendered users/index.html.erb within layouts/application (67.7ms)
Completed 200 OK in 79ms (Views: 42.5ms | ActiveRecord: 36.6ms)


Started GET "/" for 127.0.0.1 at 2013-09-23 17:40:52 -0500
Processing by UsersController#index as HTML
  [1m[36mUser Load (35.2ms)[0m  [1mSELECT "users".* FROM "users" ORDER BY karma DESC LIMIT 50[0m
  Rendered users/_user_row.html.erb (0.3ms)
  Rendered users/_user_row.html.erb (0.2ms)
  Rendered users/_user_row.html.erb (0.2ms)
  Rendered users/_user_row.html.erb (0.2ms)
  Rendered users/_user_row.html.erb (0.2ms)
  Rendered users/_user_row.html.erb (0.2ms)
  Rendered users/_user_row.html.erb (0.2ms)
  Rendered users/_user_row.html.erb (0.2ms)
  Rendered users/_user_row.html.erb (0.2ms)
  Rendered users/_user_row.html.erb (0.1ms)
  Rendered users/_user_row.html.erb (0.1ms)
  Rendered users/_user_row.html.erb (0.1ms)
  Rendered users/_user_row.html.erb (0.1ms)
  Rendered users/_user_row.html.erb (0.1ms)
  Rendered users/_user_row.html.erb (0.1ms)
  Rendered users/_user_row.html.erb (0.2ms)
  Rendered users/_user_row.html.erb (0.2ms)
  Rendered users/_user_row.html.erb (0.2ms)
  Rendered users/_user_row.html.erb (0.1ms)
  Rendered users/_user_row.html.erb (0.1ms)
  Rendered users/_user_row.html.erb (0.1ms)
  Rendered users/_user_row.html.erb (0.1ms)
  Rendered users/_user_row.html.erb (0.1ms)
  Rendered users/_user_row.html.erb (0.1ms)
  Rendered users/_user_row.html.erb (0.1ms)
  Rendered users/_user_row.html.erb (0.1ms)
  Rendered users/_user_row.html.erb (0.1ms)
  Rendered users/_user_row.html.erb (0.2ms)
  Rendered users/_user_row.html.erb (0.2ms)
  Rendered users/_user_row.html.erb (0.2ms)
  Rendered users/_user_row.html.erb (0.2ms)
  Rendered users/_user_row.html.erb (0.2ms)
  Rendered users/_user_row.html.erb (0.2ms)
  Rendered users/_user_row.html.erb (0.2ms)
  Rendered users/_user_row.html.erb (0.2ms)
  Rendered users/_user_row.html.erb (0.2ms)
  Rendered users/_user_row.html.erb (0.2ms)
  Rendered users/_user_row.html.erb (0.2ms)
  Rendered users/_user_row.html.erb (0.2ms)
  Rendered users/_user_row.html.erb (0.2ms)
  Rendered users/_user_row.html.erb (0.2ms)
  Rendered users/_user_row.html.erb (0.2ms)
  Rendered users/_user_row.html.erb (0.2ms)
  Rendered users/_user_row.html.erb (0.2ms)
  Rendered users/_user_row.html.erb (0.2ms)
  Rendered users/_user_row.html.erb (0.2ms)
  Rendered users/_user_row.html.erb (0.2ms)
  Rendered users/_user_row.html.erb (0.2ms)
  Rendered users/_user_row.html.erb (0.2ms)
  Rendered users/_user_row.html.erb (0.2ms)
  Rendered users/index.html.erb within layouts/application (71.3ms)
Completed 200 OK in 86ms (Views: 50.7ms | ActiveRecord: 35.2ms)
Connecting to database specified by database.yml
  [1m[36m (0.3ms)[0m  [1mSELECT "schema_migrations"."version" FROM "schema_migrations" [0m
  [1m[35m (110.9ms)[0m  DROP DATABASE IF EXISTS "karmaville_test"
  [1m[36m (318.1ms)[0m  [1mCREATE DATABASE "karmaville_test" ENCODING = 'utf8'[0m
  [1m[35m (7.4ms)[0m  CREATE TABLE "karma_points" ("id" serial primary key, "user_id" integer NOT NULL, "value" integer NOT NULL, "label" character varying(255) NOT NULL, "created_at" timestamp NOT NULL, "updated_at" timestamp NOT NULL) 
  [1m[36m (1.2ms)[0m  [1mCREATE INDEX "index_karma_points_on_user_id" ON "karma_points" ("user_id")[0m
  [1m[35m (4.6ms)[0m  CREATE TABLE "users" ("id" serial primary key, "first_name" character varying(255) NOT NULL, "last_name" character varying(255) NOT NULL, "username" character varying(32) NOT NULL, "email" character varying(255) NOT NULL, "created_at" timestamp NOT NULL, "updated_at" timestamp NOT NULL, "karma" integer) 
  [1m[36m (1.1ms)[0m  [1mCREATE TABLE "schema_migrations" ("version" character varying(255) NOT NULL) [0m
  [1m[35m (1.4ms)[0m  CREATE UNIQUE INDEX "unique_schema_migrations" ON "schema_migrations" ("version")
  [1m[36m (0.3ms)[0m  [1mSELECT version FROM "schema_migrations"[0m
  [1m[35m (0.6ms)[0m  INSERT INTO "schema_migrations" (version) VALUES ('20130923140000')
  [1m[36m (0.5ms)[0m  [1mINSERT INTO "schema_migrations" (version) VALUES ('20130317220750')[0m
  [1m[35m (0.3ms)[0m  INSERT INTO "schema_migrations" (version) VALUES ('20130317221018')
Connecting to database specified by database.yml
  [1m[36m (0.2ms)[0m  [1mSELECT "schema_migrations"."version" FROM "schema_migrations" [0m
  [1m[35m (120.5ms)[0m  DROP DATABASE IF EXISTS "karmaville_test"
  [1m[36m (246.9ms)[0m  [1mCREATE DATABASE "karmaville_test" ENCODING = 'utf8'[0m
  [1m[35m (10.7ms)[0m  CREATE TABLE "karma_points" ("id" serial primary key, "user_id" integer NOT NULL, "value" integer NOT NULL, "label" character varying(255) NOT NULL, "created_at" timestamp NOT NULL, "updated_at" timestamp NOT NULL) 
  [1m[36m (1.0ms)[0m  [1mCREATE INDEX "index_karma_points_on_user_id" ON "karma_points" ("user_id")[0m
  [1m[35m (3.4ms)[0m  CREATE TABLE "users" ("id" serial primary key, "first_name" character varying(255) NOT NULL, "last_name" character varying(255) NOT NULL, "username" character varying(32) NOT NULL, "email" character varying(255) NOT NULL, "created_at" timestamp NOT NULL, "updated_at" timestamp NOT NULL, "karma" integer) 
  [1m[36m (0.8ms)[0m  [1mCREATE TABLE "schema_migrations" ("version" character varying(255) NOT NULL) [0m
  [1m[35m (1.4ms)[0m  CREATE UNIQUE INDEX "unique_schema_migrations" ON "schema_migrations" ("version")
  [1m[36m (0.2ms)[0m  [1mSELECT version FROM "schema_migrations"[0m
  [1m[35m (0.5ms)[0m  INSERT INTO "schema_migrations" (version) VALUES ('20130923140000')
  [1m[36m (0.4ms)[0m  [1mINSERT INTO "schema_migrations" (version) VALUES ('20130317220750')[0m
  [1m[35m (0.3ms)[0m  INSERT INTO "schema_migrations" (version) VALUES ('20130317221018')
Connecting to database specified by database.yml
  [1m[36m (0.4ms)[0m  [1mSELECT "schema_migrations"."version" FROM "schema_migrations" [0m
  [1m[35m (112.1ms)[0m  DROP DATABASE IF EXISTS "karmaville_test"
  [1m[36m (252.1ms)[0m  [1mCREATE DATABASE "karmaville_test" ENCODING = 'utf8'[0m
  [1m[35m (6.4ms)[0m  CREATE TABLE "karma_points" ("id" serial primary key, "user_id" integer NOT NULL, "value" integer NOT NULL, "label" character varying(255) NOT NULL, "created_at" timestamp NOT NULL, "updated_at" timestamp NOT NULL) 
  [1m[36m (1.0ms)[0m  [1mCREATE INDEX "index_karma_points_on_user_id" ON "karma_points" ("user_id")[0m
  [1m[35m (4.0ms)[0m  CREATE TABLE "users" ("id" serial primary key, "first_name" character varying(255) NOT NULL, "last_name" character varying(255) NOT NULL, "username" character varying(32) NOT NULL, "email" character varying(255) NOT NULL, "created_at" timestamp NOT NULL, "updated_at" timestamp NOT NULL, "karma" integer) 
  [1m[36m (0.8ms)[0m  [1mCREATE TABLE "schema_migrations" ("version" character varying(255) NOT NULL) [0m
  [1m[35m (1.3ms)[0m  CREATE UNIQUE INDEX "unique_schema_migrations" ON "schema_migrations" ("version")
  [1m[36m (0.2ms)[0m  [1mSELECT version FROM "schema_migrations"[0m
  [1m[35m (0.5ms)[0m  INSERT INTO "schema_migrations" (version) VALUES ('20130923140000')
  [1m[36m (0.4ms)[0m  [1mINSERT INTO "schema_migrations" (version) VALUES ('20130317220750')[0m
  [1m[35m (0.3ms)[0m  INSERT INTO "schema_migrations" (version) VALUES ('20130317221018')
Connecting to database specified by database.yml
  [1m[36m (0.4ms)[0m  [1mSELECT "schema_migrations"."version" FROM "schema_migrations" [0m
  [1m[35m (112.2ms)[0m  DROP DATABASE IF EXISTS "karmaville_test"
  [1m[36m (254.7ms)[0m  [1mCREATE DATABASE "karmaville_test" ENCODING = 'utf8'[0m
  [1m[35m (6.5ms)[0m  CREATE TABLE "karma_points" ("id" serial primary key, "user_id" integer NOT NULL, "value" integer NOT NULL, "label" character varying(255) NOT NULL, "created_at" timestamp NOT NULL, "updated_at" timestamp NOT NULL) 
  [1m[36m (1.0ms)[0m  [1mCREATE INDEX "index_karma_points_on_user_id" ON "karma_points" ("user_id")[0m
  [1m[35m (4.6ms)[0m  CREATE TABLE "users" ("id" serial primary key, "first_name" character varying(255) NOT NULL, "last_name" character varying(255) NOT NULL, "username" character varying(32) NOT NULL, "email" character varying(255) NOT NULL, "created_at" timestamp NOT NULL, "updated_at" timestamp NOT NULL, "karma" integer) 
  [1m[36m (0.9ms)[0m  [1mCREATE TABLE "schema_migrations" ("version" character varying(255) NOT NULL) [0m
  [1m[35m (1.2ms)[0m  CREATE UNIQUE INDEX "unique_schema_migrations" ON "schema_migrations" ("version")
  [1m[36m (0.4ms)[0m  [1mSELECT version FROM "schema_migrations"[0m
  [1m[35m (0.6ms)[0m  INSERT INTO "schema_migrations" (version) VALUES ('20130923140000')
  [1m[36m (0.6ms)[0m  [1mINSERT INTO "schema_migrations" (version) VALUES ('20130317220750')[0m
  [1m[35m (0.3ms)[0m  INSERT INTO "schema_migrations" (version) VALUES ('20130317221018')
Connecting to database specified by database.yml
  [1m[36m (0.4ms)[0m  [1mSELECT "schema_migrations"."version" FROM "schema_migrations" [0m
  [1m[35m (113.3ms)[0m  DROP DATABASE IF EXISTS "karmaville_test"
  [1m[36m (258.5ms)[0m  [1mCREATE DATABASE "karmaville_test" ENCODING = 'utf8'[0m
  [1m[35m (7.4ms)[0m  CREATE TABLE "karma_points" ("id" serial primary key, "user_id" integer NOT NULL, "value" integer NOT NULL, "label" character varying(255) NOT NULL, "created_at" timestamp NOT NULL, "updated_at" timestamp NOT NULL) 
  [1m[36m (1.2ms)[0m  [1mCREATE INDEX "index_karma_points_on_user_id" ON "karma_points" ("user_id")[0m
  [1m[35m (4.0ms)[0m  CREATE TABLE "users" ("id" serial primary key, "first_name" character varying(255) NOT NULL, "last_name" character varying(255) NOT NULL, "username" character varying(32) NOT NULL, "email" character varying(255) NOT NULL, "created_at" timestamp NOT NULL, "updated_at" timestamp NOT NULL, "karma" integer) 
  [1m[36m (1.0ms)[0m  [1mCREATE TABLE "schema_migrations" ("version" character varying(255) NOT NULL) [0m
  [1m[35m (2.3ms)[0m  CREATE UNIQUE INDEX "unique_schema_migrations" ON "schema_migrations" ("version")
  [1m[36m (0.4ms)[0m  [1mSELECT version FROM "schema_migrations"[0m
  [1m[35m (1.3ms)[0m  INSERT INTO "schema_migrations" (version) VALUES ('20130923140000')
  [1m[36m (0.5ms)[0m  [1mINSERT INTO "schema_migrations" (version) VALUES ('20130317220750')[0m
  [1m[35m (0.3ms)[0m  INSERT INTO "schema_migrations" (version) VALUES ('20130317221018')


Started GET "/" for 127.0.0.1 at 2013-09-23 18:04:00 -0500
Processing by UsersController#index as HTML
  [1m[35mUser Load (1083.0ms)[0m  SELECT "users".* FROM "users" ORDER BY karma DESC
  [1m[36mEXPLAIN (0.5ms)[0m  [1mEXPLAIN SELECT "users".* FROM "users" ORDER BY karma DESC[0m
EXPLAIN for: SELECT "users".* FROM "users"  ORDER BY karma DESC
                             QUERY PLAN
--------------------------------------------------------------------
 Sort  (cost=14942.04..15193.13 rows=100436 width=70)
   Sort Key: karma
   ->  Seq Scan on users  (cost=0.00..2478.36 rows=100436 width=70)
(3 rows)

Completed 500 Internal Server Error in 30024ms

NoMethodError (undefined method `paginate' for #<ActiveRecord::Relation:0x007f8aecc874f8>):
  app/controllers/users_controller.rb:3:in `index'


  Rendered /Users/apprentice/.rvm/gems/ruby-1.9.3-p374/gems/actionpack-3.2.12/lib/action_dispatch/middleware/templates/rescues/_trace.erb (1.5ms)
  Rendered /Users/apprentice/.rvm/gems/ruby-1.9.3-p374/gems/actionpack-3.2.12/lib/action_dispatch/middleware/templates/rescues/_request_and_response.erb (0.9ms)
  Rendered /Users/apprentice/.rvm/gems/ruby-1.9.3-p374/gems/actionpack-3.2.12/lib/action_dispatch/middleware/templates/rescues/diagnostics.erb within rescues/layout (6994.2ms)


Started GET "/" for 127.0.0.1 at 2013-09-23 18:07:12 -0500
Processing by UsersController#index as HTML
Completed 500 Internal Server Error in 3ms

NoMethodError (undefined method `paginate' for #<Class:0x007f8adcdad8b0>):
  app/controllers/users_controller.rb:3:in `index'


  Rendered /Users/apprentice/.rvm/gems/ruby-1.9.3-p374/gems/actionpack-3.2.12/lib/action_dispatch/middleware/templates/rescues/_trace.erb (1.6ms)
  Rendered /Users/apprentice/.rvm/gems/ruby-1.9.3-p374/gems/actionpack-3.2.12/lib/action_dispatch/middleware/templates/rescues/_request_and_response.erb (0.9ms)
  Rendered /Users/apprentice/.rvm/gems/ruby-1.9.3-p374/gems/actionpack-3.2.12/lib/action_dispatch/middleware/templates/rescues/diagnostics.erb within rescues/layout (8.6ms)


Started GET "/" for 127.0.0.1 at 2013-09-23 18:10:25 -0500
Processing by UsersController#index as HTML
Completed 500 Internal Server Error in 1ms

NoMethodError (undefined method `paginate' for #<Class:0x007f8adcdad8b0>):
  app/controllers/users_controller.rb:3:in `index'


  Rendered /Users/apprentice/.rvm/gems/ruby-1.9.3-p374/gems/actionpack-3.2.12/lib/action_dispatch/middleware/templates/rescues/_trace.erb (1.9ms)
  Rendered /Users/apprentice/.rvm/gems/ruby-1.9.3-p374/gems/actionpack-3.2.12/lib/action_dispatch/middleware/templates/rescues/_request_and_response.erb (1.7ms)
  Rendered /Users/apprentice/.rvm/gems/ruby-1.9.3-p374/gems/actionpack-3.2.12/lib/action_dispatch/middleware/templates/rescues/diagnostics.erb within rescues/layout (11.1ms)


Started GET "/" for 127.0.0.1 at 2013-09-23 18:10:28 -0500
Processing by UsersController#index as HTML
Completed 500 Internal Server Error in 1ms

NoMethodError (undefined method `paginate' for #<Class:0x007f8adcdad8b0>):
  app/controllers/users_controller.rb:3:in `index'


  Rendered /Users/apprentice/.rvm/gems/ruby-1.9.3-p374/gems/actionpack-3.2.12/lib/action_dispatch/middleware/templates/rescues/_trace.erb (2.0ms)
  Rendered /Users/apprentice/.rvm/gems/ruby-1.9.3-p374/gems/actionpack-3.2.12/lib/action_dispatch/middleware/templates/rescues/_request_and_response.erb (1.3ms)
  Rendered /Users/apprentice/.rvm/gems/ruby-1.9.3-p374/gems/actionpack-3.2.12/lib/action_dispatch/middleware/templates/rescues/diagnostics.erb within rescues/layout (10.5ms)


Started GET "/" for 127.0.0.1 at 2013-09-23 18:10:29 -0500
Processing by UsersController#index as HTML
Completed 500 Internal Server Error in 1ms

NoMethodError (undefined method `paginate' for #<Class:0x007f8adcdad8b0>):
  app/controllers/users_controller.rb:3:in `index'


  Rendered /Users/apprentice/.rvm/gems/ruby-1.9.3-p374/gems/actionpack-3.2.12/lib/action_dispatch/middleware/templates/rescues/_trace.erb (1.7ms)
  Rendered /Users/apprentice/.rvm/gems/ruby-1.9.3-p374/gems/actionpack-3.2.12/lib/action_dispatch/middleware/templates/rescues/_request_and_response.erb (1.1ms)
  Rendered /Users/apprentice/.rvm/gems/ruby-1.9.3-p374/gems/actionpack-3.2.12/lib/action_dispatch/middleware/templates/rescues/diagnostics.erb within rescues/layout (8.0ms)


Started GET "/" for 127.0.0.1 at 2013-09-23 18:10:29 -0500
Processing by UsersController#index as HTML
Completed 500 Internal Server Error in 1ms

NoMethodError (undefined method `paginate' for #<Class:0x007f8adcdad8b0>):
  app/controllers/users_controller.rb:3:in `index'


  Rendered /Users/apprentice/.rvm/gems/ruby-1.9.3-p374/gems/actionpack-3.2.12/lib/action_dispatch/middleware/templates/rescues/_trace.erb (1.5ms)
  Rendered /Users/apprentice/.rvm/gems/ruby-1.9.3-p374/gems/actionpack-3.2.12/lib/action_dispatch/middleware/templates/rescues/_request_and_response.erb (1.2ms)
  Rendered /Users/apprentice/.rvm/gems/ruby-1.9.3-p374/gems/actionpack-3.2.12/lib/action_dispatch/middleware/templates/rescues/diagnostics.erb within rescues/layout (9.4ms)


Started GET "/" for 127.0.0.1 at 2013-09-23 18:10:29 -0500
Processing by UsersController#index as HTML
Completed 500 Internal Server Error in 1ms

NoMethodError (undefined method `paginate' for #<Class:0x007f8adcdad8b0>):
  app/controllers/users_controller.rb:3:in `index'


  Rendered /Users/apprentice/.rvm/gems/ruby-1.9.3-p374/gems/actionpack-3.2.12/lib/action_dispatch/middleware/templates/rescues/_trace.erb (1.9ms)
  Rendered /Users/apprentice/.rvm/gems/ruby-1.9.3-p374/gems/actionpack-3.2.12/lib/action_dispatch/middleware/templates/rescues/_request_and_response.erb (1.5ms)
  Rendered /Users/apprentice/.rvm/gems/ruby-1.9.3-p374/gems/actionpack-3.2.12/lib/action_dispatch/middleware/templates/rescues/diagnostics.erb within rescues/layout (10.3ms)


Started GET "/" for 127.0.0.1 at 2013-09-23 18:10:30 -0500
Processing by UsersController#index as HTML
Completed 500 Internal Server Error in 1ms

NoMethodError (undefined method `paginate' for #<Class:0x007f8adcdad8b0>):
  app/controllers/users_controller.rb:3:in `index'


  Rendered /Users/apprentice/.rvm/gems/ruby-1.9.3-p374/gems/actionpack-3.2.12/lib/action_dispatch/middleware/templates/rescues/_trace.erb (1.9ms)
  Rendered /Users/apprentice/.rvm/gems/ruby-1.9.3-p374/gems/actionpack-3.2.12/lib/action_dispatch/middleware/templates/rescues/_request_and_response.erb (1.4ms)
  Rendered /Users/apprentice/.rvm/gems/ruby-1.9.3-p374/gems/actionpack-3.2.12/lib/action_dispatch/middleware/templates/rescues/diagnostics.erb within rescues/layout (10.6ms)
Connecting to database specified by database.yml


Started GET "/" for 127.0.0.1 at 2013-09-23 18:11:58 -0500
Processing by UsersController#index as HTML
  [1m[36m (29.6ms)[0m  [1mSELECT COUNT(*) FROM "users" [0m
  Rendered users/index.html.erb within layouts/application (70.0ms)
Completed 200 OK in 319ms (Views: 274.8ms | ActiveRecord: 42.9ms)


Started GET "/" for 127.0.0.1 at 2013-09-23 18:13:08 -0500
Processing by UsersController#index as HTML
  [1m[35m (24.7ms)[0m  SELECT COUNT(*) FROM "users" 
  Rendered users/index.html.erb within layouts/application (31.1ms)
Completed 200 OK in 49ms (Views: 23.9ms | ActiveRecord: 24.7ms)


Started GET "/" for 127.0.0.1 at 2013-09-23 18:13:41 -0500
Processing by UsersController#index as HTML
  [1m[36m (19.8ms)[0m  [1mSELECT COUNT(*) FROM "users" [0m
  Rendered users/index.html.erb within layouts/application (29.1ms)
Completed 200 OK in 48ms (Views: 23.7ms | ActiveRecord: 22.6ms)


Started GET "/" for 127.0.0.1 at 2013-09-23 18:13:43 -0500
Processing by UsersController#index as HTML
  [1m[35m (25.6ms)[0m  SELECT COUNT(*) FROM "users" 
  Rendered users/index.html.erb within layouts/application (31.3ms)
Completed 200 OK in 48ms (Views: 21.4ms | ActiveRecord: 25.6ms)


Started GET "/" for 127.0.0.1 at 2013-09-23 18:13:44 -0500
Processing by UsersController#index as HTML
  [1m[36m (15.8ms)[0m  [1mSELECT COUNT(*) FROM "users" [0m
  Rendered users/index.html.erb within layouts/application (21.6ms)
Completed 200 OK in 39ms (Views: 23.0ms | ActiveRecord: 15.8ms)


Started GET "/" for 127.0.0.1 at 2013-09-23 18:13:44 -0500
Processing by UsersController#index as HTML
  [1m[35m (25.4ms)[0m  SELECT COUNT(*) FROM "users" 
  Rendered users/index.html.erb within layouts/application (32.0ms)
Completed 200 OK in 51ms (Views: 24.5ms | ActiveRecord: 25.4ms)


Started GET "/" for 127.0.0.1 at 2013-09-23 18:13:45 -0500
Processing by UsersController#index as HTML
  [1m[36m (22.2ms)[0m  [1mSELECT COUNT(*) FROM "users" [0m
  Rendered users/index.html.erb within layouts/application (27.2ms)
Completed 200 OK in 45ms (Views: 21.8ms | ActiveRecord: 22.2ms)


Started GET "/" for 127.0.0.1 at 2013-09-23 18:13:46 -0500
Processing by UsersController#index as HTML
  [1m[35m (23.3ms)[0m  SELECT COUNT(*) FROM "users" 
  Rendered users/index.html.erb within layouts/application (28.6ms)
Completed 200 OK in 41ms (Views: 16.8ms | ActiveRecord: 23.3ms)


Started GET "/users?page=4" for 127.0.0.1 at 2013-09-23 18:13:58 -0500
Processing by UsersController#index as HTML
  Parameters: {"page"=>"4"}
  [1m[36m (16.5ms)[0m  [1mSELECT COUNT(*) FROM "users" [0m
  Rendered users/index.html.erb within layouts/application (20.6ms)
Completed 200 OK in 55ms (Views: 38.6ms | ActiveRecord: 16.5ms)


Started GET "/users?page=5" for 127.0.0.1 at 2013-09-23 18:14:00 -0500
Processing by UsersController#index as HTML
  Parameters: {"page"=>"5"}
  [1m[35m (18.5ms)[0m  SELECT COUNT(*) FROM "users" 
  Rendered users/index.html.erb within layouts/application (24.4ms)
Completed 200 OK in 39ms (Views: 20.1ms | ActiveRecord: 18.5ms)


Started GET "/users?page=6" for 127.0.0.1 at 2013-09-23 18:14:01 -0500
Processing by UsersController#index as HTML
  Parameters: {"page"=>"6"}
  [1m[36m (24.0ms)[0m  [1mSELECT COUNT(*) FROM "users" [0m
  Rendered users/index.html.erb within layouts/application (28.4ms)
Completed 200 OK in 68ms (Views: 43.4ms | ActiveRecord: 24.0ms)


Started GET "/users?page=2" for 127.0.0.1 at 2013-09-23 18:14:02 -0500
Processing by UsersController#index as HTML
  Parameters: {"page"=>"2"}
  [1m[35m (19.1ms)[0m  SELECT COUNT(*) FROM "users" 
  Rendered users/index.html.erb within layouts/application (23.3ms)
Completed 200 OK in 38ms (Views: 18.1ms | ActiveRecord: 19.1ms)


Started GET "/users?page=1" for 127.0.0.1 at 2013-09-23 18:14:02 -0500
Processing by UsersController#index as HTML
  Parameters: {"page"=>"1"}
  [1m[36m (24.1ms)[0m  [1mSELECT COUNT(*) FROM "users" [0m
  Rendered users/index.html.erb within layouts/application (62.2ms)
Completed 200 OK in 82ms (Views: 57.1ms | ActiveRecord: 24.1ms)


Started GET "/users?page=3" for 127.0.0.1 at 2013-09-23 18:14:03 -0500
Processing by UsersController#index as HTML
  Parameters: {"page"=>"3"}
  [1m[35m (19.6ms)[0m  SELECT COUNT(*) FROM "users" 
  Rendered users/index.html.erb within layouts/application (24.9ms)
Completed 200 OK in 37ms (Views: 16.6ms | ActiveRecord: 19.6ms)


Started GET "/users?page=3" for 127.0.0.1 at 2013-09-23 18:15:30 -0500
Processing by UsersController#index as HTML
  Parameters: {"page"=>"3"}
  [1m[36m (20.7ms)[0m  [1mSELECT COUNT(*) FROM "users" [0m
  [1m[35mUser Load (33.3ms)[0m  SELECT "users".* FROM "users" ORDER BY karma DESC LIMIT 50 OFFSET 100
  Rendered users/_user_row.html.erb (1.0ms)
  Rendered users/_user_row.html.erb (0.2ms)
  Rendered users/_user_row.html.erb (0.2ms)
  Rendered users/_user_row.html.erb (0.2ms)
  Rendered users/_user_row.html.erb (0.2ms)
  Rendered users/_user_row.html.erb (0.2ms)
  Rendered users/_user_row.html.erb (0.2ms)
  Rendered users/_user_row.html.erb (0.1ms)
  Rendered users/_user_row.html.erb (0.1ms)
  Rendered users/_user_row.html.erb (0.1ms)
  Rendered users/_user_row.html.erb (0.1ms)
  Rendered users/_user_row.html.erb (0.2ms)
  Rendered users/_user_row.html.erb (0.2ms)
  Rendered users/_user_row.html.erb (0.2ms)
  Rendered users/_user_row.html.erb (0.2ms)
  Rendered users/_user_row.html.erb (0.2ms)
  Rendered users/_user_row.html.erb (0.2ms)
  Rendered users/_user_row.html.erb (0.2ms)
  Rendered users/_user_row.html.erb (0.2ms)
  Rendered users/_user_row.html.erb (0.2ms)
  Rendered users/_user_row.html.erb (0.2ms)
  Rendered users/_user_row.html.erb (0.2ms)
  Rendered users/_user_row.html.erb (0.2ms)
  Rendered users/_user_row.html.erb (0.2ms)
  Rendered users/_user_row.html.erb (0.2ms)
  Rendered users/_user_row.html.erb (0.2ms)
  Rendered users/_user_row.html.erb (0.2ms)
  Rendered users/_user_row.html.erb (0.2ms)
  Rendered users/_user_row.html.erb (0.2ms)
  Rendered users/_user_row.html.erb (0.2ms)
  Rendered users/_user_row.html.erb (0.3ms)
  Rendered users/_user_row.html.erb (0.2ms)
  Rendered users/_user_row.html.erb (0.2ms)
  Rendered users/_user_row.html.erb (0.2ms)
  Rendered users/_user_row.html.erb (0.3ms)
  Rendered users/_user_row.html.erb (0.2ms)
  Rendered users/_user_row.html.erb (0.2ms)
  Rendered users/_user_row.html.erb (0.2ms)
  Rendered users/_user_row.html.erb (0.2ms)
  Rendered users/_user_row.html.erb (0.2ms)
  Rendered users/_user_row.html.erb (0.2ms)
  Rendered users/_user_row.html.erb (0.2ms)
  Rendered users/_user_row.html.erb (0.1ms)
  Rendered users/_user_row.html.erb (0.2ms)
  Rendered users/_user_row.html.erb (0.2ms)
  Rendered users/_user_row.html.erb (0.2ms)
  Rendered users/_user_row.html.erb (0.2ms)
  Rendered users/_user_row.html.erb (0.2ms)
  Rendered users/_user_row.html.erb (0.3ms)
  Rendered users/_user_row.html.erb (0.1ms)
  Rendered users/index.html.erb within layouts/application (134.6ms)
Completed 200 OK in 152ms (Views: 97.1ms | ActiveRecord: 54.0ms)


Started GET "/users?page=1" for 127.0.0.1 at 2013-09-23 18:15:34 -0500
Processing by UsersController#index as HTML
  Parameters: {"page"=>"1"}
  [1m[36m (18.8ms)[0m  [1mSELECT COUNT(*) FROM "users" [0m
  [1m[35mUser Load (36.5ms)[0m  SELECT "users".* FROM "users" ORDER BY karma DESC LIMIT 50 OFFSET 0
  Rendered users/_user_row.html.erb (0.3ms)
  Rendered users/_user_row.html.erb (0.1ms)
  Rendered users/_user_row.html.erb (0.4ms)
  Rendered users/_user_row.html.erb (0.3ms)
  Rendered users/_user_row.html.erb (0.2ms)
  Rendered users/_user_row.html.erb (0.2ms)
  Rendered users/_user_row.html.erb (0.2ms)
  Rendered users/_user_row.html.erb (0.2ms)
  Rendered users/_user_row.html.erb (0.2ms)
  Rendered users/_user_row.html.erb (0.3ms)
  Rendered users/_user_row.html.erb (0.2ms)
  Rendered users/_user_row.html.erb (0.2ms)
  Rendered users/_user_row.html.erb (0.2ms)
  Rendered users/_user_row.html.erb (0.2ms)
  Rendered users/_user_row.html.erb (0.3ms)
  Rendered users/_user_row.html.erb (0.2ms)
  Rendered users/_user_row.html.erb (0.2ms)
  Rendered users/_user_row.html.erb (0.2ms)
  Rendered users/_user_row.html.erb (0.1ms)
  Rendered users/_user_row.html.erb (0.1ms)
  Rendered users/_user_row.html.erb (0.1ms)
  Rendered users/_user_row.html.erb (0.1ms)
  Rendered users/_user_row.html.erb (0.2ms)
  Rendered users/_user_row.html.erb (0.1ms)
  Rendered users/_user_row.html.erb (0.1ms)
  Rendered users/_user_row.html.erb (0.2ms)
  Rendered users/_user_row.html.erb (0.2ms)
  Rendered users/_user_row.html.erb (0.2ms)
  Rendered users/_user_row.html.erb (0.2ms)
  Rendered users/_user_row.html.erb (0.2ms)
  Rendered users/_user_row.html.erb (0.2ms)
  Rendered users/_user_row.html.erb (0.2ms)
  Rendered users/_user_row.html.erb (0.2ms)
  Rendered users/_user_row.html.erb (0.2ms)
  Rendered users/_user_row.html.erb (0.2ms)
  Rendered users/_user_row.html.erb (0.2ms)
  Rendered users/_user_row.html.erb (0.3ms)
  Rendered users/_user_row.html.erb (0.2ms)
  Rendered users/_user_row.html.erb (0.2ms)
  Rendered users/_user_row.html.erb (0.2ms)
  Rendered users/_user_row.html.erb (0.2ms)
  Rendered users/_user_row.html.erb (0.2ms)
  Rendered users/_user_row.html.erb (0.3ms)
  Rendered users/_user_row.html.erb (0.2ms)
  Rendered users/_user_row.html.erb (0.2ms)
  Rendered users/_user_row.html.erb (0.2ms)
  Rendered users/_user_row.html.erb (0.2ms)
  Rendered users/_user_row.html.erb (0.2ms)
  Rendered users/_user_row.html.erb (0.2ms)
  Rendered users/_user_row.html.erb (0.3ms)
  Rendered users/index.html.erb within layouts/application (128.9ms)
Completed 200 OK in 148ms (Views: 91.7ms | ActiveRecord: 55.4ms)


Started GET "/users?page=1" for 127.0.0.1 at 2013-09-23 18:16:42 -0500
Processing by UsersController#index as HTML
  Parameters: {"page"=>"1"}
  [1m[36mUser Load (36.9ms)[0m  [1mSELECT "users".* FROM "users" ORDER BY karma DESC LIMIT 50 OFFSET 0[0m
  [1m[35m (18.8ms)[0m  SELECT COUNT(*) FROM "users" 
  Rendered users/_user_row.html.erb (0.3ms)
  Rendered users/_user_row.html.erb (0.1ms)
  Rendered users/_user_row.html.erb (0.1ms)
  Rendered users/_user_row.html.erb (0.2ms)
  Rendered users/_user_row.html.erb (0.2ms)
  Rendered users/_user_row.html.erb (0.2ms)
  Rendered users/_user_row.html.erb (0.3ms)
  Rendered users/_user_row.html.erb (0.2ms)
  Rendered users/_user_row.html.erb (0.2ms)
  Rendered users/_user_row.html.erb (0.2ms)
  Rendered users/_user_row.html.erb (0.2ms)
  Rendered users/_user_row.html.erb (0.2ms)
  Rendered users/_user_row.html.erb (0.3ms)
  Rendered users/_user_row.html.erb (0.3ms)
  Rendered users/_user_row.html.erb (0.2ms)
  Rendered users/_user_row.html.erb (0.2ms)
  Rendered users/_user_row.html.erb (0.2ms)
  Rendered users/_user_row.html.erb (0.2ms)
  Rendered users/_user_row.html.erb (0.2ms)
  Rendered users/_user_row.html.erb (0.2ms)
  Rendered users/_user_row.html.erb (0.2ms)
  Rendered users/_user_row.html.erb (0.2ms)
  Rendered users/_user_row.html.erb (0.2ms)
  Rendered users/_user_row.html.erb (0.2ms)
  Rendered users/_user_row.html.erb (0.2ms)
  Rendered users/_user_row.html.erb (0.2ms)
  Rendered users/_user_row.html.erb (0.4ms)
  Rendered users/_user_row.html.erb (0.3ms)
  Rendered users/_user_row.html.erb (0.2ms)
  Rendered users/_user_row.html.erb (0.3ms)
  Rendered users/_user_row.html.erb (0.4ms)
  Rendered users/_user_row.html.erb (0.3ms)
  Rendered users/_user_row.html.erb (0.5ms)
  Rendered users/_user_row.html.erb (0.2ms)
  Rendered users/_user_row.html.erb (0.5ms)
  Rendered users/_user_row.html.erb (0.2ms)
  Rendered users/_user_row.html.erb (0.4ms)
  Rendered users/_user_row.html.erb (0.2ms)
  Rendered users/_user_row.html.erb (0.2ms)
  Rendered users/_user_row.html.erb (0.2ms)
  Rendered users/_user_row.html.erb (0.2ms)
  Rendered users/_user_row.html.erb (0.3ms)
  Rendered users/_user_row.html.erb (0.3ms)
  Rendered users/_user_row.html.erb (29.4ms)
  Rendered users/_user_row.html.erb (0.2ms)
  Rendered users/_user_row.html.erb (0.2ms)
  Rendered users/_user_row.html.erb (0.2ms)
  Rendered users/_user_row.html.erb (0.2ms)
  Rendered users/_user_row.html.erb (0.2ms)
  Rendered users/_user_row.html.erb (0.2ms)
  Rendered users/index.html.erb within layouts/application (137.7ms)
Completed 200 OK in 151ms (Views: 95.3ms | ActiveRecord: 55.6ms)


Started GET "/users?page=1" for 127.0.0.1 at 2013-09-23 18:21:38 -0500
Processing by UsersController#index as HTML
  Parameters: {"page"=>"1"}
  [1m[36mUser Load (35.4ms)[0m  [1mSELECT "users".* FROM "users" ORDER BY karma DESC LIMIT 50 OFFSET 0[0m
  [1m[35m (20.2ms)[0m  SELECT COUNT(*) FROM "users" 
  Rendered users/_user_row.html.erb (0.3ms)
  Rendered users/_user_row.html.erb (0.1ms)
  Rendered users/_user_row.html.erb (0.1ms)
  Rendered users/_user_row.html.erb (0.1ms)
  Rendered users/_user_row.html.erb (0.1ms)
  Rendered users/_user_row.html.erb (0.1ms)
  Rendered users/_user_row.html.erb (0.2ms)
  Rendered users/_user_row.html.erb (0.2ms)
  Rendered users/_user_row.html.erb (0.1ms)
  Rendered users/_user_row.html.erb (0.1ms)
  Rendered users/_user_row.html.erb (0.2ms)
  Rendered users/_user_row.html.erb (0.3ms)
  Rendered users/_user_row.html.erb (0.2ms)
  Rendered users/_user_row.html.erb (0.2ms)
  Rendered users/_user_row.html.erb (0.2ms)
  Rendered users/_user_row.html.erb (0.2ms)
  Rendered users/_user_row.html.erb (0.2ms)
  Rendered users/_user_row.html.erb (0.2ms)
  Rendered users/_user_row.html.erb (0.2ms)
  Rendered users/_user_row.html.erb (0.2ms)
  Rendered users/_user_row.html.erb (0.1ms)
  Rendered users/_user_row.html.erb (0.1ms)
  Rendered users/_user_row.html.erb (0.1ms)
  Rendered users/_user_row.html.erb (0.2ms)
  Rendered users/_user_row.html.erb (0.2ms)
  Rendered users/_user_row.html.erb (0.3ms)
  Rendered users/_user_row.html.erb (22.1ms)
  Rendered users/_user_row.html.erb (0.2ms)
  Rendered users/_user_row.html.erb (0.1ms)
  Rendered users/_user_row.html.erb (0.1ms)
  Rendered users/_user_row.html.erb (0.1ms)
  Rendered users/_user_row.html.erb (0.1ms)
  Rendered users/_user_row.html.erb (0.2ms)
  Rendered users/_user_row.html.erb (0.2ms)
  Rendered users/_user_row.html.erb (0.2ms)
  Rendered users/_user_row.html.erb (0.2ms)
  Rendered users/_user_row.html.erb (0.2ms)
  Rendered users/_user_row.html.erb (0.2ms)
  Rendered users/_user_row.html.erb (0.3ms)
  Rendered users/_user_row.html.erb (0.2ms)
  Rendered users/_user_row.html.erb (0.1ms)
  Rendered users/_user_row.html.erb (0.1ms)
  Rendered users/_user_row.html.erb (0.1ms)
  Rendered users/_user_row.html.erb (0.1ms)
  Rendered users/_user_row.html.erb (0.1ms)
  Rendered users/_user_row.html.erb (0.1ms)
  Rendered users/_user_row.html.erb (0.1ms)
  Rendered users/_user_row.html.erb (0.1ms)
  Rendered users/_user_row.html.erb (0.1ms)
  Rendered users/_user_row.html.erb (0.1ms)
  Rendered users/index.html.erb within layouts/application (129.6ms)
Completed 200 OK in 141ms (Views: 82.9ms | ActiveRecord: 57.7ms)


Started GET "/users?page=1" for 127.0.0.1 at 2013-09-23 18:23:00 -0500

ArgumentError (controller name should not start with a slash):
  config/routes.rb:4:in `block in <top (required)>'
  config/routes.rb:1:in `<top (required)>'


  Rendered /Users/apprentice/.rvm/gems/ruby-1.9.3-p374/gems/actionpack-3.2.12/lib/action_dispatch/middleware/templates/rescues/_trace.erb (3.4ms)
  Rendered /Users/apprentice/.rvm/gems/ruby-1.9.3-p374/gems/actionpack-3.2.12/lib/action_dispatch/middleware/templates/rescues/_request_and_response.erb (1.0ms)
  Rendered /Users/apprentice/.rvm/gems/ruby-1.9.3-p374/gems/actionpack-3.2.12/lib/action_dispatch/middleware/templates/rescues/diagnostics.erb within rescues/layout (12.0ms)


Started GET "/users?page=1" for 127.0.0.1 at 2013-09-23 18:23:07 -0500

ArgumentError (missing :controller):
  config/routes.rb:4:in `block in <top (required)>'
  config/routes.rb:1:in `<top (required)>'


  Rendered /Users/apprentice/.rvm/gems/ruby-1.9.3-p374/gems/actionpack-3.2.12/lib/action_dispatch/middleware/templates/rescues/_trace.erb (1.4ms)
  Rendered /Users/apprentice/.rvm/gems/ruby-1.9.3-p374/gems/actionpack-3.2.12/lib/action_dispatch/middleware/templates/rescues/_request_and_response.erb (1.0ms)
  Rendered /Users/apprentice/.rvm/gems/ruby-1.9.3-p374/gems/actionpack-3.2.12/lib/action_dispatch/middleware/templates/rescues/diagnostics.erb within rescues/layout (8.4ms)


Started GET "/users?page=1" for 127.0.0.1 at 2013-09-23 18:23:31 -0500
Processing by UsersController#index as HTML
  Parameters: {"page"=>"1"}
  [1m[36mUser Load (32.1ms)[0m  [1mSELECT "users".* FROM "users" ORDER BY karma DESC LIMIT 50 OFFSET 0[0m
  [1m[35m (18.5ms)[0m  SELECT COUNT(*) FROM "users" 
  Rendered users/_user_row.html.erb (0.3ms)
  Rendered users/_user_row.html.erb (0.1ms)
  Rendered users/_user_row.html.erb (0.3ms)
  Rendered users/_user_row.html.erb (0.2ms)
  Rendered users/_user_row.html.erb (0.2ms)
  Rendered users/_user_row.html.erb (0.2ms)
  Rendered users/_user_row.html.erb (0.1ms)
  Rendered users/_user_row.html.erb (0.1ms)
  Rendered users/_user_row.html.erb (0.1ms)
  Rendered users/_user_row.html.erb (0.1ms)
  Rendered users/_user_row.html.erb (0.1ms)
  Rendered users/_user_row.html.erb (0.1ms)
  Rendered users/_user_row.html.erb (0.1ms)
  Rendered users/_user_row.html.erb (0.1ms)
  Rendered users/_user_row.html.erb (0.2ms)
  Rendered users/_user_row.html.erb (0.1ms)
  Rendered users/_user_row.html.erb (0.1ms)
  Rendered users/_user_row.html.erb (0.1ms)
  Rendered users/_user_row.html.erb (0.1ms)
  Rendered users/_user_row.html.erb (0.1ms)
  Rendered users/_user_row.html.erb (0.3ms)
  Rendered users/_user_row.html.erb (0.3ms)
  Rendered users/_user_row.html.erb (0.2ms)
  Rendered users/_user_row.html.erb (0.2ms)
  Rendered users/_user_row.html.erb (0.3ms)
  Rendered users/_user_row.html.erb (0.3ms)
  Rendered users/_user_row.html.erb (0.2ms)
  Rendered users/_user_row.html.erb (0.3ms)
  Rendered users/_user_row.html.erb (0.3ms)
  Rendered users/_user_row.html.erb (0.2ms)
  Rendered users/_user_row.html.erb (0.3ms)
  Rendered users/_user_row.html.erb (0.3ms)
  Rendered users/_user_row.html.erb (0.2ms)
  Rendered users/_user_row.html.erb (0.2ms)
  Rendered users/_user_row.html.erb (0.2ms)
  Rendered users/_user_row.html.erb (0.2ms)
  Rendered users/_user_row.html.erb (0.3ms)
  Rendered users/_user_row.html.erb (0.2ms)
  Rendered users/_user_row.html.erb (0.2ms)
  Rendered users/_user_row.html.erb (0.2ms)
  Rendered users/_user_row.html.erb (0.2ms)
  Rendered users/_user_row.html.erb (0.2ms)
  Rendered users/_user_row.html.erb (0.2ms)
  Rendered users/_user_row.html.erb (0.3ms)
  Rendered users/_user_row.html.erb (0.2ms)
  Rendered users/_user_row.html.erb (0.2ms)
  Rendered users/_user_row.html.erb (0.2ms)
  Rendered users/_user_row.html.erb (0.2ms)
  Rendered users/_user_row.html.erb (0.4ms)
  Rendered users/_user_row.html.erb (0.3ms)
  Rendered users/index.html.erb within layouts/application (107.9ms)
Completed 200 OK in 125ms (Views: 70.9ms | ActiveRecord: 53.3ms)
